
*** Running vivado
    with args -log Sensors_OLED_wrapper.vdi -applog -m64 -product Vivado -messageDb vivado.pb -mode batch -source Sensors_OLED_wrapper.tcl -notrace



****** Vivado v2021.2 (64-bit)
  **** SW Build 3367213 on Tue Oct 19 02:48:09 MDT 2021
  **** IP Build 3369179 on Thu Oct 21 08:25:16 MDT 2021
    ** Copyright 1986-2021 Xilinx, Inc. All Rights Reserved.

source Sensors_OLED_wrapper.tcl -notrace
Command: open_checkpoint C:/Users/luisr/.Xilinx/VHDL_Projects/Graduate_Project/FPGA/Sensors_OLED/Sensors_OLED.runs/impl_1/Sensors_OLED_wrapper.dcp

Time (s): cpu = 00:00:00 ; elapsed = 00:00:00.060 . Memory (MB): peak = 1547.223 ; gain = 0.000
CRITICAL WARNING: [Board 49-67] The board_part definition was not found for digilentinc.com:zybo-z7-20:part0:1.0. This can happen sometimes when you use custom board part. You can resolve this issue by setting 'board.repoPaths' parameter, pointing to the location of custom board files. Valid board_part values can be retrieved with the 'get_board_parts' Tcl command.
CRITICAL WARNING: [Board 49-67] The board_part definition was not found for digilentinc.com:zybo-z7-20:part0:1.0. This can happen sometimes when you use custom board part. You can resolve this issue by setting 'board.repoPaths' parameter, pointing to the location of custom board files. Valid board_part values can be retrieved with the 'get_board_parts' Tcl command.
INFO: [Device 21-403] Loading part xc7z020clg400-1
Netlist sorting complete. Time (s): cpu = 00:00:00 ; elapsed = 00:00:00.152 . Memory (MB): peak = 1547.223 ; gain = 0.000
INFO: [Netlist 29-17] Analyzing 71 Unisim elements for replacement
INFO: [Netlist 29-28] Unisim Transformation completed in 0 CPU seconds
INFO: [Project 1-479] Netlist was created with Vivado 2021.2
INFO: [Project 1-570] Preparing netlist for logic optimization
INFO: [Timing 38-478] Restoring timing data from binary archive.
INFO: [Timing 38-479] Binary timing data restore complete.
INFO: [Project 1-856] Restoring constraints from binary archive.
INFO: [Project 1-853] Binary constraint restore complete.
Reading XDEF placement.
Reading placer database...
Reading XDEF routing.
Read XDEF File: Time (s): cpu = 00:00:01 ; elapsed = 00:00:02 . Memory (MB): peak = 1722.371 ; gain = 0.000
Restored from archive | CPU: 1.000000 secs | Memory: 0.000000 MB |
Finished XDEF File Restore: Time (s): cpu = 00:00:01 ; elapsed = 00:00:02 . Memory (MB): peak = 1722.371 ; gain = 0.000
Netlist sorting complete. Time (s): cpu = 00:00:00 ; elapsed = 00:00:00.030 . Memory (MB): peak = 1722.371 ; gain = 0.000
INFO: [Project 1-111] Unisim Transformation Summary:
  A total of 28 instances were transformed.
  IOBUF => IOBUF (IBUF, OBUFT): 16 instances
  RAM32M => RAM32M (RAMD32(x6), RAMS32(x2)): 4 instances
  RAM32X1D => RAM32X1D (RAMD32(x2)): 8 instances

INFO: [Project 1-604] Checkpoint was created with Vivado v2021.2 (64-bit) build 3367213
open_checkpoint: Time (s): cpu = 00:00:30 ; elapsed = 00:00:38 . Memory (MB): peak = 1722.371 ; gain = 175.148
INFO: [IP_Flow 19-234] Refreshing IP repositories
INFO: [IP_Flow 19-1700] Loaded user IP repository 'c:/Users/luisr/Desktop/vivado-library-master'.
INFO: [IP_Flow 19-2313] Loaded Vivado IP repository 'C:/Xilinx/Vivado/2021.2/data/ip'.
update_ip_catalog: Time (s): cpu = 00:00:03 ; elapsed = 00:00:07 . Memory (MB): peak = 1722.371 ; gain = 0.000
WARNING: [IP_Flow 19-4995] The host OS only allows 260 characters in a normal path. The IP cache path is more than 80 characters. If you experience issues with IP caching, please consider changing the IP cache to a location with a shorter path. Alternately consider using the OS subst command to map part of the path to a drive letter. 
Current IP cache path is C:/Users/luisr/.Xilinx/VHDL_Projects/Graduate_Project/FPGA/Sensors_OLED/Sensors_OLED.cache/ip 
Command: opt_design
Attempting to get a license for feature 'Implementation' and/or device 'xc7z020'
INFO: [Common 17-349] Got license for feature 'Implementation' and/or device 'xc7z020'
Running DRC as a precondition to command opt_design

Starting DRC Task
INFO: [DRC 23-27] Running DRC with 2 threads
INFO: [Project 1-461] DRC finished with 0 Errors
INFO: [Project 1-462] Please refer to the DRC report (report_drc) for more information.

Time (s): cpu = 00:00:05 ; elapsed = 00:00:03 . Memory (MB): peak = 1756.941 ; gain = 27.957

Starting Cache Timing Information Task
INFO: [Timing 38-35] Done setting XDC timing constraints.
Ending Cache Timing Information Task | Checksum: 15e753cf4

Time (s): cpu = 00:00:01 ; elapsed = 00:00:00.684 . Memory (MB): peak = 1844.922 ; gain = 87.980

Starting Logic Optimization Task

Phase 1 Retarget
INFO: [Opt 31-1287] Pulled Inverter Sensors_OLED_i/PmodOLED_0/inst/axi_quad_spi_0/U0/NO_DUAL_QUAD_MODE.QSPI_NORMAL/QSPI_LEGACY_MD_GEN.QSPI_CORE_INTERFACE_I/FIFO_EXISTS.RX_FIFO_II/gnuram_async_fifo.xpm_fifo_base_inst/xpm_fifo_rst_inst/FSM_onehot_gen_rst_ic.curr_wrst_state[4]_i_1 into driver instance Sensors_OLED_i/PmodOLED_0/inst/axi_quad_spi_0/U0/NO_DUAL_QUAD_MODE.QSPI_NORMAL/QSPI_LEGACY_MD_GEN.QSPI_CORE_INTERFACE_I/FIFO_EXISTS.RX_FIFO_II/gnuram_async_fifo.xpm_fifo_base_inst/xpm_fifo_rst_inst//i_, which resulted in an inversion of 2 pins
INFO: [Opt 31-1287] Pulled Inverter Sensors_OLED_i/PmodOLED_0/inst/axi_quad_spi_0/U0/NO_DUAL_QUAD_MODE.QSPI_NORMAL/QSPI_LEGACY_MD_GEN.QSPI_CORE_INTERFACE_I/FIFO_EXISTS.TX_FIFO_II/xpm_fifo_instance.xpm_fifo_async_inst/gnuram_async_fifo.xpm_fifo_base_inst/xpm_fifo_rst_inst/FSM_onehot_gen_rst_ic.curr_wrst_state[4]_i_1 into driver instance Sensors_OLED_i/PmodOLED_0/inst/axi_quad_spi_0/U0/NO_DUAL_QUAD_MODE.QSPI_NORMAL/QSPI_LEGACY_MD_GEN.QSPI_CORE_INTERFACE_I/FIFO_EXISTS.TX_FIFO_II/xpm_fifo_instance.xpm_fifo_async_inst/gnuram_async_fifo.xpm_fifo_base_inst/xpm_fifo_rst_inst//i_, which resulted in an inversion of 2 pins
INFO: [Opt 31-1287] Pulled Inverter Sensors_OLED_i/PmodOLED_0/inst/axi_quad_spi_0/U0/NO_DUAL_QUAD_MODE.QSPI_NORMAL/QSPI_LEGACY_MD_GEN.QSPI_CORE_INTERFACE_I/LOGIC_FOR_MD_0_GEN.SPI_MODULE_I/LOCAL_TX_EMPTY_FIFO_12_GEN.stop_clock_reg_i_1 into driver instance Sensors_OLED_i/PmodOLED_0/inst/axi_quad_spi_0/U0/NO_DUAL_QUAD_MODE.QSPI_NORMAL/QSPI_LEGACY_MD_GEN.QSPI_CORE_INTERFACE_I/LOGIC_FOR_MD_0_GEN.SPI_MODULE_I/SS_O[0]_i_2, which resulted in an inversion of 3 pins
INFO: [Opt 31-1287] Pulled Inverter Sensors_OLED_i/PmodTC1_0/inst/axi_quad_spi_0/U0/NO_DUAL_QUAD_MODE.QSPI_NORMAL/QSPI_LEGACY_MD_GEN.QSPI_CORE_INTERFACE_I/FIFO_EXISTS.RX_FIFO_II/gnuram_async_fifo.xpm_fifo_base_inst/xpm_fifo_rst_inst/FSM_onehot_gen_rst_ic.curr_wrst_state[4]_i_1 into driver instance Sensors_OLED_i/PmodTC1_0/inst/axi_quad_spi_0/U0/NO_DUAL_QUAD_MODE.QSPI_NORMAL/QSPI_LEGACY_MD_GEN.QSPI_CORE_INTERFACE_I/FIFO_EXISTS.RX_FIFO_II/gnuram_async_fifo.xpm_fifo_base_inst/xpm_fifo_rst_inst//i_, which resulted in an inversion of 2 pins
INFO: [Opt 31-1287] Pulled Inverter Sensors_OLED_i/PmodTC1_0/inst/axi_quad_spi_0/U0/NO_DUAL_QUAD_MODE.QSPI_NORMAL/QSPI_LEGACY_MD_GEN.QSPI_CORE_INTERFACE_I/FIFO_EXISTS.TX_FIFO_II/xpm_fifo_instance.xpm_fifo_async_inst/gnuram_async_fifo.xpm_fifo_base_inst/xpm_fifo_rst_inst/FSM_onehot_gen_rst_ic.curr_wrst_state[4]_i_1 into driver instance Sensors_OLED_i/PmodTC1_0/inst/axi_quad_spi_0/U0/NO_DUAL_QUAD_MODE.QSPI_NORMAL/QSPI_LEGACY_MD_GEN.QSPI_CORE_INTERFACE_I/FIFO_EXISTS.TX_FIFO_II/xpm_fifo_instance.xpm_fifo_async_inst/gnuram_async_fifo.xpm_fifo_base_inst/xpm_fifo_rst_inst//i_, which resulted in an inversion of 2 pins
INFO: [Opt 31-1287] Pulled Inverter Sensors_OLED_i/PmodTC1_0/inst/axi_quad_spi_0/U0/NO_DUAL_QUAD_MODE.QSPI_NORMAL/QSPI_LEGACY_MD_GEN.QSPI_CORE_INTERFACE_I/LOGIC_FOR_MD_0_GEN.SPI_MODULE_I/LOCAL_TX_EMPTY_FIFO_12_GEN.stop_clock_reg_i_1 into driver instance Sensors_OLED_i/PmodTC1_0/inst/axi_quad_spi_0/U0/NO_DUAL_QUAD_MODE.QSPI_NORMAL/QSPI_LEGACY_MD_GEN.QSPI_CORE_INTERFACE_I/LOGIC_FOR_MD_0_GEN.SPI_MODULE_I/SS_O[0]_i_2, which resulted in an inversion of 3 pins
INFO: [Opt 31-138] Pushed 0 inverter(s) to 0 load pin(s).
INFO: [Opt 31-49] Retargeted 0 cell(s).
Phase 1 Retarget | Checksum: 1bcf3cb83

Time (s): cpu = 00:00:01 ; elapsed = 00:00:00.648 . Memory (MB): peak = 2134.566 ; gain = 0.000
INFO: [Opt 31-389] Phase Retarget created 82 cells and removed 135 cells
INFO: [Opt 31-1021] In phase Retarget, 4 netlist objects are constrained preventing optimization. Please run opt_design with -debug_log to get more detail. 

Phase 2 Constant propagation
INFO: [Opt 31-138] Pushed 0 inverter(s) to 0 load pin(s).
Phase 2 Constant propagation | Checksum: 22016f097

Time (s): cpu = 00:00:01 ; elapsed = 00:00:00.712 . Memory (MB): peak = 2134.566 ; gain = 0.000
INFO: [Opt 31-389] Phase Constant propagation created 3 cells and removed 6 cells
INFO: [Opt 31-1021] In phase Constant propagation, 2 netlist objects are constrained preventing optimization. Please run opt_design with -debug_log to get more detail. 

Phase 3 Sweep
Phase 3 Sweep | Checksum: 162017b0b

Time (s): cpu = 00:00:01 ; elapsed = 00:00:01 . Memory (MB): peak = 2134.566 ; gain = 0.000
INFO: [Opt 31-389] Phase Sweep created 0 cells and removed 381 cells
INFO: [Opt 31-1021] In phase Sweep, 10 netlist objects are constrained preventing optimization. Please run opt_design with -debug_log to get more detail. 

Phase 4 BUFG optimization
Phase 4 BUFG optimization | Checksum: 162017b0b

Time (s): cpu = 00:00:01 ; elapsed = 00:00:01 . Memory (MB): peak = 2134.566 ; gain = 0.000
INFO: [Opt 31-662] Phase BUFG optimization created 0 cells of which 0 are BUFGs and removed 0 cells.

Phase 5 Shift Register Optimization
INFO: [Opt 31-1064] SRL Remap converted 0 SRLs to 0 registers and converted 0 registers of register chains to 0 SRLs
Phase 5 Shift Register Optimization | Checksum: 162017b0b

Time (s): cpu = 00:00:02 ; elapsed = 00:00:01 . Memory (MB): peak = 2134.566 ; gain = 0.000
INFO: [Opt 31-389] Phase Shift Register Optimization created 0 cells and removed 0 cells

Phase 6 Post Processing Netlist
Phase 6 Post Processing Netlist | Checksum: 162017b0b

Time (s): cpu = 00:00:02 ; elapsed = 00:00:01 . Memory (MB): peak = 2134.566 ; gain = 0.000
INFO: [Opt 31-389] Phase Post Processing Netlist created 0 cells and removed 0 cells
INFO: [Opt 31-1021] In phase Post Processing Netlist, 1 netlist objects are constrained preventing optimization. Please run opt_design with -debug_log to get more detail. 
Opt_design Change Summary
=========================


-------------------------------------------------------------------------------------------------------------------------
|  Phase                        |  #Cells created  |  #Cells Removed  |  #Constrained objects preventing optimizations  |
-------------------------------------------------------------------------------------------------------------------------
|  Retarget                     |              82  |             135  |                                              4  |
|  Constant propagation         |               3  |               6  |                                              2  |
|  Sweep                        |               0  |             381  |                                             10  |
|  BUFG optimization            |               0  |               0  |                                              0  |
|  Shift Register Optimization  |               0  |               0  |                                              0  |
|  Post Processing Netlist      |               0  |               0  |                                              1  |
-------------------------------------------------------------------------------------------------------------------------



Starting Connectivity Check Task

Time (s): cpu = 00:00:00 ; elapsed = 00:00:00.011 . Memory (MB): peak = 2134.566 ; gain = 0.000
Ending Logic Optimization Task | Checksum: 1643a5731

Time (s): cpu = 00:00:02 ; elapsed = 00:00:02 . Memory (MB): peak = 2134.566 ; gain = 0.000

Starting Power Optimization Task
INFO: [Pwropt 34-132] Skipping clock gating for clocks with a period < 2.00 ns.
Ending Power Optimization Task | Checksum: 1643a5731

Time (s): cpu = 00:00:00 ; elapsed = 00:00:00.024 . Memory (MB): peak = 2134.566 ; gain = 0.000

Starting Final Cleanup Task
Ending Final Cleanup Task | Checksum: 1643a5731

Time (s): cpu = 00:00:00 ; elapsed = 00:00:00 . Memory (MB): peak = 2134.566 ; gain = 0.000

Starting Netlist Obfuscation Task
Netlist sorting complete. Time (s): cpu = 00:00:00 ; elapsed = 00:00:00.006 . Memory (MB): peak = 2134.566 ; gain = 0.000
Ending Netlist Obfuscation Task | Checksum: 1643a5731

Time (s): cpu = 00:00:00 ; elapsed = 00:00:00.006 . Memory (MB): peak = 2134.566 ; gain = 0.000
INFO: [Common 17-83] Releasing license: Implementation
41 Infos, 1 Warnings, 2 Critical Warnings and 0 Errors encountered.
opt_design completed successfully
opt_design: Time (s): cpu = 00:00:17 ; elapsed = 00:00:21 . Memory (MB): peak = 2134.566 ; gain = 412.195
INFO: [Timing 38-35] Done setting XDC timing constraints.
INFO: [Timing 38-480] Writing timing data to binary archive.
Writing placer database...
Writing XDEF routing.
Writing XDEF routing logical nets.
Writing XDEF routing special nets.
Write XDEF Complete: Time (s): cpu = 00:00:01 ; elapsed = 00:00:00.179 . Memory (MB): peak = 2134.566 ; gain = 0.000
INFO: [Common 17-1381] The checkpoint 'C:/Users/luisr/.Xilinx/VHDL_Projects/Graduate_Project/FPGA/Sensors_OLED/Sensors_OLED.runs/impl_1/Sensors_OLED_wrapper_opt.dcp' has been generated.
write_checkpoint: Time (s): cpu = 00:00:05 ; elapsed = 00:00:07 . Memory (MB): peak = 2134.566 ; gain = 0.000
INFO: [runtcl-4] Executing : report_drc -file Sensors_OLED_wrapper_drc_opted.rpt -pb Sensors_OLED_wrapper_drc_opted.pb -rpx Sensors_OLED_wrapper_drc_opted.rpx
Command: report_drc -file Sensors_OLED_wrapper_drc_opted.rpt -pb Sensors_OLED_wrapper_drc_opted.pb -rpx Sensors_OLED_wrapper_drc_opted.rpx
INFO: [IP_Flow 19-1839] IP Catalog is up to date.
INFO: [DRC 23-27] Running DRC with 2 threads
INFO: [Vivado_Tcl 2-168] The results of DRC are in file C:/Users/luisr/.Xilinx/VHDL_Projects/Graduate_Project/FPGA/Sensors_OLED/Sensors_OLED.runs/impl_1/Sensors_OLED_wrapper_drc_opted.rpt.
report_drc completed successfully
report_drc: Time (s): cpu = 00:00:07 ; elapsed = 00:00:05 . Memory (MB): peak = 2172.496 ; gain = 37.930
Command: place_design
Attempting to get a license for feature 'Implementation' and/or device 'xc7z020'
INFO: [Common 17-349] Got license for feature 'Implementation' and/or device 'xc7z020'
INFO: [DRC 23-27] Running DRC with 2 threads
INFO: [Vivado_Tcl 4-198] DRC finished with 0 Errors
INFO: [Vivado_Tcl 4-199] Please refer to the DRC report (report_drc) for more information.
Running DRC as a precondition to command place_design
INFO: [DRC 23-27] Running DRC with 2 threads
INFO: [Vivado_Tcl 4-198] DRC finished with 0 Errors
INFO: [Vivado_Tcl 4-199] Please refer to the DRC report (report_drc) for more information.

Starting Placer Task
INFO: [Place 30-611] Multithreading enabled for place_design using a maximum of 2 CPUs

Phase 1 Placer Initialization

Phase 1.1 Placer Initialization Netlist Sorting
Netlist sorting complete. Time (s): cpu = 00:00:00 ; elapsed = 00:00:00.006 . Memory (MB): peak = 2174.484 ; gain = 0.000
Phase 1.1 Placer Initialization Netlist Sorting | Checksum: 15c14d2b6

Time (s): cpu = 00:00:00 ; elapsed = 00:00:00.025 . Memory (MB): peak = 2174.484 ; gain = 0.000
Netlist sorting complete. Time (s): cpu = 00:00:00 ; elapsed = 00:00:00.005 . Memory (MB): peak = 2174.484 ; gain = 0.000

Phase 1.2 IO Placement/ Clock Placement/ Build Placer Device
Phase 1.2 IO Placement/ Clock Placement/ Build Placer Device | Checksum: baf35bae

Time (s): cpu = 00:00:02 ; elapsed = 00:00:01 . Memory (MB): peak = 2174.484 ; gain = 0.000

Phase 1.3 Build Placer Netlist Model
Phase 1.3 Build Placer Netlist Model | Checksum: 11902cadd

Time (s): cpu = 00:00:04 ; elapsed = 00:00:03 . Memory (MB): peak = 2174.484 ; gain = 0.000

Phase 1.4 Constrain Clocks/Macros
Phase 1.4 Constrain Clocks/Macros | Checksum: 11902cadd

Time (s): cpu = 00:00:04 ; elapsed = 00:00:03 . Memory (MB): peak = 2174.484 ; gain = 0.000
Phase 1 Placer Initialization | Checksum: 11902cadd

Time (s): cpu = 00:00:04 ; elapsed = 00:00:03 . Memory (MB): peak = 2174.484 ; gain = 0.000

Phase 2 Global Placement

Phase 2.1 Floorplanning
Phase 2.1 Floorplanning | Checksum: 1965d3df9

Time (s): cpu = 00:00:05 ; elapsed = 00:00:04 . Memory (MB): peak = 2174.484 ; gain = 0.000

Phase 2.2 Update Timing before SLR Path Opt
Phase 2.2 Update Timing before SLR Path Opt | Checksum: 183a00f11

Time (s): cpu = 00:00:06 ; elapsed = 00:00:04 . Memory (MB): peak = 2174.484 ; gain = 0.000

Phase 2.3 Post-Processing in Floorplanning
Phase 2.3 Post-Processing in Floorplanning | Checksum: 183a00f11

Time (s): cpu = 00:00:06 ; elapsed = 00:00:04 . Memory (MB): peak = 2174.484 ; gain = 0.000

Phase 2.4 Global Placement Core

Phase 2.4.1 Physical Synthesis In Placer
INFO: [Physopt 32-1035] Found 0 LUTNM shape to break, 156 LUT instances to create LUTNM shape
INFO: [Physopt 32-1044] Break lutnm for timing: one critical 0, two critical 0, total 0, new lutff created 0
INFO: [Physopt 32-1138] End 1 Pass. Optimized 57 nets or LUTs. Breaked 0 LUT, combined 57 existing LUTs and moved 0 existing LUT
INFO: [Physopt 32-65] No nets found for high-fanout optimization.
INFO: [Physopt 32-232] Optimized 0 net. Created 0 new instance.
INFO: [Physopt 32-775] End 1 Pass. Optimized 0 net or cell. Created 0 new cell, deleted 0 existing cell and moved 0 existing cell
INFO: [Physopt 32-670] No setup violation found.  DSP Register Optimization was not performed.
INFO: [Physopt 32-670] No setup violation found.  Shift Register to Pipeline Optimization was not performed.
INFO: [Physopt 32-670] No setup violation found.  Shift Register Optimization was not performed.
INFO: [Physopt 32-670] No setup violation found.  BRAM Register Optimization was not performed.
INFO: [Physopt 32-670] No setup violation found.  URAM Register Optimization was not performed.
INFO: [Physopt 32-949] No candidate nets found for dynamic/static region interface net replication
INFO: [Physopt 32-775] End 1 Pass. Optimized 0 net or cell. Created 0 new cell, deleted 0 existing cell and moved 0 existing cell
Netlist sorting complete. Time (s): cpu = 00:00:00 ; elapsed = 00:00:00.004 . Memory (MB): peak = 2174.484 ; gain = 0.000

Summary of Physical Synthesis Optimizations
============================================


-----------------------------------------------------------------------------------------------------------------------------------------------------------
|  Optimization                                     |  Added Cells  |  Removed Cells  |  Optimized Cells/Nets  |  Dont Touch  |  Iterations  |  Elapsed   |
-----------------------------------------------------------------------------------------------------------------------------------------------------------
|  LUT Combining                                    |            0  |             57  |                    57  |           0  |           1  |  00:00:00  |
|  Retime                                           |            0  |              0  |                     0  |           0  |           1  |  00:00:00  |
|  Very High Fanout                                 |            0  |              0  |                     0  |           0  |           1  |  00:00:00  |
|  DSP Register                                     |            0  |              0  |                     0  |           0  |           0  |  00:00:00  |
|  Shift Register to Pipeline                       |            0  |              0  |                     0  |           0  |           0  |  00:00:00  |
|  Shift Register                                   |            0  |              0  |                     0  |           0  |           0  |  00:00:00  |
|  BRAM Register                                    |            0  |              0  |                     0  |           0  |           0  |  00:00:00  |
|  URAM Register                                    |            0  |              0  |                     0  |           0  |           0  |  00:00:00  |
|  Dynamic/Static Region Interface Net Replication  |            0  |              0  |                     0  |           0  |           1  |  00:00:00  |
|  Total                                            |            0  |             57  |                    57  |           0  |           4  |  00:00:00  |
-----------------------------------------------------------------------------------------------------------------------------------------------------------


Phase 2.4.1 Physical Synthesis In Placer | Checksum: 1b4e6194e

Time (s): cpu = 00:00:15 ; elapsed = 00:00:10 . Memory (MB): peak = 2174.484 ; gain = 0.000
Phase 2.4 Global Placement Core | Checksum: 11bca7832

Time (s): cpu = 00:00:15 ; elapsed = 00:00:10 . Memory (MB): peak = 2174.484 ; gain = 0.000
Phase 2 Global Placement | Checksum: 11bca7832

Time (s): cpu = 00:00:15 ; elapsed = 00:00:10 . Memory (MB): peak = 2174.484 ; gain = 0.000

Phase 3 Detail Placement

Phase 3.1 Commit Multi Column Macros
Phase 3.1 Commit Multi Column Macros | Checksum: 1be17b091

Time (s): cpu = 00:00:16 ; elapsed = 00:00:10 . Memory (MB): peak = 2174.484 ; gain = 0.000

Phase 3.2 Commit Most Macros & LUTRAMs
Phase 3.2 Commit Most Macros & LUTRAMs | Checksum: 1112fb2ad

Time (s): cpu = 00:00:17 ; elapsed = 00:00:11 . Memory (MB): peak = 2174.484 ; gain = 0.000

Phase 3.3 Area Swap Optimization
Phase 3.3 Area Swap Optimization | Checksum: 13168c4e1

Time (s): cpu = 00:00:17 ; elapsed = 00:00:11 . Memory (MB): peak = 2174.484 ; gain = 0.000

Phase 3.4 Pipeline Register Optimization
Phase 3.4 Pipeline Register Optimization | Checksum: 102b3d327

Time (s): cpu = 00:00:17 ; elapsed = 00:00:11 . Memory (MB): peak = 2174.484 ; gain = 0.000

Phase 3.5 Small Shape Detail Placement
Phase 3.5 Small Shape Detail Placement | Checksum: c657e8f1

Time (s): cpu = 00:00:20 ; elapsed = 00:00:14 . Memory (MB): peak = 2174.484 ; gain = 0.000

Phase 3.6 Re-assign LUT pins
Phase 3.6 Re-assign LUT pins | Checksum: f249e441

Time (s): cpu = 00:00:20 ; elapsed = 00:00:15 . Memory (MB): peak = 2174.484 ; gain = 0.000

Phase 3.7 Pipeline Register Optimization
Phase 3.7 Pipeline Register Optimization | Checksum: 89547dc8

Time (s): cpu = 00:00:20 ; elapsed = 00:00:15 . Memory (MB): peak = 2174.484 ; gain = 0.000
Phase 3 Detail Placement | Checksum: 89547dc8

Time (s): cpu = 00:00:20 ; elapsed = 00:00:15 . Memory (MB): peak = 2174.484 ; gain = 0.000

Phase 4 Post Placement Optimization and Clean-Up

Phase 4.1 Post Commit Optimization
INFO: [Timing 38-35] Done setting XDC timing constraints.

Phase 4.1.1 Post Placement Optimization
Post Placement Optimization Initialization | Checksum: 18ba89b2e

Phase 4.1.1.1 BUFG Insertion

Starting Physical Synthesis Task

Phase 1 Physical Synthesis Initialization
INFO: [Physopt 32-721] Multithreading enabled for phys_opt_design using a maximum of 2 CPUs
INFO: [Physopt 32-619] Estimated Timing Summary | WNS=13.163 | TNS=0.000 |
Phase 1 Physical Synthesis Initialization | Checksum: 1479492d6

Time (s): cpu = 00:00:01 ; elapsed = 00:00:00.269 . Memory (MB): peak = 2174.484 ; gain = 0.000
INFO: [Place 46-56] BUFG insertion identified 0 candidate nets. Inserted BUFG: 0, Replicated BUFG Driver: 0, Skipped due to Placement/Routing Conflicts: 0, Skipped due to Timing Degradation: 0, Skipped due to Illegal Netlist: 0.
Ending Physical Synthesis Task | Checksum: b40da3f7

Time (s): cpu = 00:00:01 ; elapsed = 00:00:00.303 . Memory (MB): peak = 2174.484 ; gain = 0.000
Phase 4.1.1.1 BUFG Insertion | Checksum: 18ba89b2e

Time (s): cpu = 00:00:23 ; elapsed = 00:00:17 . Memory (MB): peak = 2174.484 ; gain = 0.000

Phase 4.1.1.2 Post Placement Timing Optimization
INFO: [Place 30-746] Post Placement Timing Summary WNS=13.163. For the most accurate timing information please run report_timing.
Phase 4.1.1.2 Post Placement Timing Optimization | Checksum: b1f9310f

Time (s): cpu = 00:00:23 ; elapsed = 00:00:17 . Memory (MB): peak = 2174.484 ; gain = 0.000

Time (s): cpu = 00:00:23 ; elapsed = 00:00:17 . Memory (MB): peak = 2174.484 ; gain = 0.000
Phase 4.1 Post Commit Optimization | Checksum: b1f9310f

Time (s): cpu = 00:00:23 ; elapsed = 00:00:17 . Memory (MB): peak = 2174.484 ; gain = 0.000

Phase 4.2 Post Placement Cleanup
Phase 4.2 Post Placement Cleanup | Checksum: b1f9310f

Time (s): cpu = 00:00:23 ; elapsed = 00:00:17 . Memory (MB): peak = 2174.484 ; gain = 0.000

Phase 4.3 Placer Reporting

Phase 4.3.1 Print Estimated Congestion
INFO: [Place 30-612] Post-Placement Estimated Congestion 
 ____________________________________________________
|           | Global Congestion | Short Congestion  |
| Direction | Region Size       | Region Size       |
|___________|___________________|___________________|
|      North|                1x1|                1x1|
|___________|___________________|___________________|
|      South|                1x1|                1x1|
|___________|___________________|___________________|
|       East|                1x1|                1x1|
|___________|___________________|___________________|
|       West|                1x1|                1x1|
|___________|___________________|___________________|

Phase 4.3.1 Print Estimated Congestion | Checksum: b1f9310f

Time (s): cpu = 00:00:23 ; elapsed = 00:00:17 . Memory (MB): peak = 2174.484 ; gain = 0.000
Phase 4.3 Placer Reporting | Checksum: b1f9310f

Time (s): cpu = 00:00:23 ; elapsed = 00:00:17 . Memory (MB): peak = 2174.484 ; gain = 0.000

Phase 4.4 Final Placement Cleanup
Netlist sorting complete. Time (s): cpu = 00:00:00 ; elapsed = 00:00:00.005 . Memory (MB): peak = 2174.484 ; gain = 0.000

Time (s): cpu = 00:00:23 ; elapsed = 00:00:17 . Memory (MB): peak = 2174.484 ; gain = 0.000
Phase 4 Post Placement Optimization and Clean-Up | Checksum: c0ef305e

Time (s): cpu = 00:00:23 ; elapsed = 00:00:17 . Memory (MB): peak = 2174.484 ; gain = 0.000
Ending Placer Task | Checksum: bade1ecb

Time (s): cpu = 00:00:23 ; elapsed = 00:00:17 . Memory (MB): peak = 2174.484 ; gain = 0.000
INFO: [Common 17-83] Releasing license: Implementation
76 Infos, 1 Warnings, 2 Critical Warnings and 0 Errors encountered.
place_design completed successfully
place_design: Time (s): cpu = 00:00:28 ; elapsed = 00:00:20 . Memory (MB): peak = 2174.484 ; gain = 1.988
INFO: [Timing 38-480] Writing timing data to binary archive.
Writing placer database...
Writing XDEF routing.
Writing XDEF routing logical nets.
Writing XDEF routing special nets.
Write XDEF Complete: Time (s): cpu = 00:00:02 ; elapsed = 00:00:00.642 . Memory (MB): peak = 2174.484 ; gain = 0.000
INFO: [Common 17-1381] The checkpoint 'C:/Users/luisr/.Xilinx/VHDL_Projects/Graduate_Project/FPGA/Sensors_OLED/Sensors_OLED.runs/impl_1/Sensors_OLED_wrapper_placed.dcp' has been generated.
INFO: [runtcl-4] Executing : report_io -file Sensors_OLED_wrapper_io_placed.rpt
report_io: Time (s): cpu = 00:00:00 ; elapsed = 00:00:00.143 . Memory (MB): peak = 2174.484 ; gain = 0.000
INFO: [runtcl-4] Executing : report_utilization -file Sensors_OLED_wrapper_utilization_placed.rpt -pb Sensors_OLED_wrapper_utilization_placed.pb
INFO: [runtcl-4] Executing : report_control_sets -verbose -file Sensors_OLED_wrapper_control_sets_placed.rpt
report_control_sets: Time (s): cpu = 00:00:00 ; elapsed = 00:00:00.034 . Memory (MB): peak = 2174.484 ; gain = 0.000
Command: phys_opt_design
Attempting to get a license for feature 'Implementation' and/or device 'xc7z020'
INFO: [Common 17-349] Got license for feature 'Implementation' and/or device 'xc7z020'
INFO: [Vivado_Tcl 4-383] Design worst setup slack (WNS) is greater than or equal to 0.000 ns. Skipping all physical synthesis optimizations.
INFO: [Vivado_Tcl 4-232] No setup violation found. The netlist was not modified.
INFO: [Common 17-83] Releasing license: Implementation
85 Infos, 1 Warnings, 2 Critical Warnings and 0 Errors encountered.
phys_opt_design completed successfully
INFO: [Timing 38-480] Writing timing data to binary archive.
Writing placer database...
Writing XDEF routing.
Writing XDEF routing logical nets.
Writing XDEF routing special nets.
Write XDEF Complete: Time (s): cpu = 00:00:02 ; elapsed = 00:00:00.533 . Memory (MB): peak = 2184.184 ; gain = 9.699
INFO: [Common 17-1381] The checkpoint 'C:/Users/luisr/.Xilinx/VHDL_Projects/Graduate_Project/FPGA/Sensors_OLED/Sensors_OLED.runs/impl_1/Sensors_OLED_wrapper_physopt.dcp' has been generated.
Command: route_design
Attempting to get a license for feature 'Implementation' and/or device 'xc7z020'
INFO: [Common 17-349] Got license for feature 'Implementation' and/or device 'xc7z020'
Running DRC as a precondition to command route_design
INFO: [DRC 23-27] Running DRC with 2 threads
INFO: [Vivado_Tcl 4-198] DRC finished with 0 Errors
INFO: [Vivado_Tcl 4-199] Please refer to the DRC report (report_drc) for more information.


Starting Routing Task
INFO: [Route 35-254] Multithreading enabled for route_design using a maximum of 2 CPUs

Phase 1 Build RT Design
Checksum: PlaceDB: 4c398cd3 ConstDB: 0 ShapeSum: 6ea491f8 RouteDB: 0
Post Restoration Checksum: NetGraph: 76a3d963 NumContArr: 7d6bb084 Constraints: 0 Timing: 0
Phase 1 Build RT Design | Checksum: f40f89e7

Time (s): cpu = 00:00:55 ; elapsed = 00:00:50 . Memory (MB): peak = 2281.426 ; gain = 88.184

Phase 2 Router Initialization

Phase 2.1 Create Timer
Phase 2.1 Create Timer | Checksum: f40f89e7

Time (s): cpu = 00:00:55 ; elapsed = 00:00:51 . Memory (MB): peak = 2281.426 ; gain = 88.184

Phase 2.2 Fix Topology Constraints
Phase 2.2 Fix Topology Constraints | Checksum: f40f89e7

Time (s): cpu = 00:00:55 ; elapsed = 00:00:51 . Memory (MB): peak = 2288.016 ; gain = 94.773

Phase 2.3 Pre Route Cleanup
Phase 2.3 Pre Route Cleanup | Checksum: f40f89e7

Time (s): cpu = 00:00:55 ; elapsed = 00:00:51 . Memory (MB): peak = 2288.016 ; gain = 94.773
 Number of Nodes with overlaps = 0

Phase 2.4 Update Timing
Phase 2.4 Update Timing | Checksum: 16f869e6e

Time (s): cpu = 00:00:58 ; elapsed = 00:00:53 . Memory (MB): peak = 2314.102 ; gain = 120.859
INFO: [Route 35-416] Intermediate Timing Summary | WNS=13.226 | TNS=0.000  | WHS=-0.179 | THS=-69.469|


Router Utilization Summary
  Global Vertical Routing Utilization    = 0 %
  Global Horizontal Routing Utilization  = 0 %
  Routable Net Status*
  *Does not include unroutable nets such as driverless and loadless.
  Run report_route_status for detailed report.
  Number of Failed Nets               = 3533
    (Failed Nets is the sum of unrouted and partially routed nets)
  Number of Unrouted Nets             = 3533
  Number of Partially Routed Nets     = 0
  Number of Node Overlaps             = 0

Phase 2 Router Initialization | Checksum: 17f394728

Time (s): cpu = 00:00:59 ; elapsed = 00:00:53 . Memory (MB): peak = 2314.102 ; gain = 120.859

Phase 3 Initial Routing

Phase 3.1 Global Routing
Phase 3.1 Global Routing | Checksum: 17f394728

Time (s): cpu = 00:00:59 ; elapsed = 00:00:53 . Memory (MB): peak = 2314.102 ; gain = 120.859
Phase 3 Initial Routing | Checksum: 1fe26997b

Time (s): cpu = 00:01:00 ; elapsed = 00:00:54 . Memory (MB): peak = 2314.102 ; gain = 120.859

Phase 4 Rip-up And Reroute

Phase 4.1 Global Iteration 0
 Number of Nodes with overlaps = 206
 Number of Nodes with overlaps = 2
 Number of Nodes with overlaps = 0
INFO: [Route 35-416] Intermediate Timing Summary | WNS=12.378 | TNS=0.000  | WHS=N/A    | THS=N/A    |

Phase 4.1 Global Iteration 0 | Checksum: 236110cd5

Time (s): cpu = 00:01:03 ; elapsed = 00:00:56 . Memory (MB): peak = 2314.102 ; gain = 120.859

Phase 4.2 Global Iteration 1
 Number of Nodes with overlaps = 0
INFO: [Route 35-416] Intermediate Timing Summary | WNS=12.378 | TNS=0.000  | WHS=N/A    | THS=N/A    |

Phase 4.2 Global Iteration 1 | Checksum: e1fb5e32

Time (s): cpu = 00:01:03 ; elapsed = 00:00:56 . Memory (MB): peak = 2314.102 ; gain = 120.859
Phase 4 Rip-up And Reroute | Checksum: e1fb5e32

Time (s): cpu = 00:01:03 ; elapsed = 00:00:56 . Memory (MB): peak = 2314.102 ; gain = 120.859

Phase 5 Delay and Skew Optimization

Phase 5.1 Delay CleanUp
Phase 5.1 Delay CleanUp | Checksum: e1fb5e32

Time (s): cpu = 00:01:03 ; elapsed = 00:00:56 . Memory (MB): peak = 2314.102 ; gain = 120.859

Phase 5.2 Clock Skew Optimization
Phase 5.2 Clock Skew Optimization | Checksum: e1fb5e32

Time (s): cpu = 00:01:03 ; elapsed = 00:00:56 . Memory (MB): peak = 2314.102 ; gain = 120.859
Phase 5 Delay and Skew Optimization | Checksum: e1fb5e32

Time (s): cpu = 00:01:03 ; elapsed = 00:00:56 . Memory (MB): peak = 2314.102 ; gain = 120.859

Phase 6 Post Hold Fix

Phase 6.1 Hold Fix Iter

Phase 6.1.1 Update Timing
Phase 6.1.1 Update Timing | Checksum: e73a6654

Time (s): cpu = 00:01:03 ; elapsed = 00:00:56 . Memory (MB): peak = 2314.102 ; gain = 120.859
INFO: [Route 35-416] Intermediate Timing Summary | WNS=12.493 | TNS=0.000  | WHS=0.025  | THS=0.000  |

Phase 6.1 Hold Fix Iter | Checksum: 15afdc510

Time (s): cpu = 00:01:03 ; elapsed = 00:00:56 . Memory (MB): peak = 2314.102 ; gain = 120.859
Phase 6 Post Hold Fix | Checksum: 15afdc510

Time (s): cpu = 00:01:03 ; elapsed = 00:00:56 . Memory (MB): peak = 2314.102 ; gain = 120.859

Phase 7 Route finalize

Router Utilization Summary
  Global Vertical Routing Utilization    = 0.497981 %
  Global Horizontal Routing Utilization  = 0.610041 %
  Routable Net Status*
  *Does not include unroutable nets such as driverless and loadless.
  Run report_route_status for detailed report.
  Number of Failed Nets               = 0
    (Failed Nets is the sum of unrouted and partially routed nets)
  Number of Unrouted Nets             = 0
  Number of Partially Routed Nets     = 0
  Number of Node Overlaps             = 0

Phase 7 Route finalize | Checksum: 13a38504a

Time (s): cpu = 00:01:04 ; elapsed = 00:00:56 . Memory (MB): peak = 2314.102 ; gain = 120.859

Phase 8 Verifying routed nets

 Verification completed successfully
Phase 8 Verifying routed nets | Checksum: 13a38504a

Time (s): cpu = 00:01:04 ; elapsed = 00:00:57 . Memory (MB): peak = 2314.102 ; gain = 120.859

Phase 9 Depositing Routes
Phase 9 Depositing Routes | Checksum: ff205e72

Time (s): cpu = 00:01:04 ; elapsed = 00:00:57 . Memory (MB): peak = 2314.102 ; gain = 120.859

Phase 10 Post Router Timing
INFO: [Route 35-57] Estimated Timing Summary | WNS=12.493 | TNS=0.000  | WHS=0.025  | THS=0.000  |

INFO: [Route 35-327] The final timing numbers are based on the router estimated timing analysis. For a complete and accurate timing signoff, please run report_timing_summary.
Phase 10 Post Router Timing | Checksum: ff205e72

Time (s): cpu = 00:01:05 ; elapsed = 00:00:57 . Memory (MB): peak = 2314.102 ; gain = 120.859
INFO: [Route 35-16] Router Completed Successfully

Time (s): cpu = 00:01:05 ; elapsed = 00:00:57 . Memory (MB): peak = 2314.102 ; gain = 120.859

Routing Is Done.
INFO: [Common 17-83] Releasing license: Implementation
100 Infos, 1 Warnings, 2 Critical Warnings and 0 Errors encountered.
route_design completed successfully
route_design: Time (s): cpu = 00:01:10 ; elapsed = 00:01:00 . Memory (MB): peak = 2314.102 ; gain = 129.918
INFO: [Timing 38-480] Writing timing data to binary archive.
Writing placer database...
Writing XDEF routing.
Writing XDEF routing logical nets.
Writing XDEF routing special nets.
Write XDEF Complete: Time (s): cpu = 00:00:01 ; elapsed = 00:00:00.563 . Memory (MB): peak = 2319.363 ; gain = 5.262
INFO: [Common 17-1381] The checkpoint 'C:/Users/luisr/.Xilinx/VHDL_Projects/Graduate_Project/FPGA/Sensors_OLED/Sensors_OLED.runs/impl_1/Sensors_OLED_wrapper_routed.dcp' has been generated.
INFO: [runtcl-4] Executing : report_drc -file Sensors_OLED_wrapper_drc_routed.rpt -pb Sensors_OLED_wrapper_drc_routed.pb -rpx Sensors_OLED_wrapper_drc_routed.rpx
Command: report_drc -file Sensors_OLED_wrapper_drc_routed.rpt -pb Sensors_OLED_wrapper_drc_routed.pb -rpx Sensors_OLED_wrapper_drc_routed.rpx
INFO: [IP_Flow 19-1839] IP Catalog is up to date.
INFO: [DRC 23-27] Running DRC with 2 threads
INFO: [Vivado_Tcl 2-168] The results of DRC are in file C:/Users/luisr/.Xilinx/VHDL_Projects/Graduate_Project/FPGA/Sensors_OLED/Sensors_OLED.runs/impl_1/Sensors_OLED_wrapper_drc_routed.rpt.
report_drc completed successfully
INFO: [runtcl-4] Executing : report_methodology -file Sensors_OLED_wrapper_methodology_drc_routed.rpt -pb Sensors_OLED_wrapper_methodology_drc_routed.pb -rpx Sensors_OLED_wrapper_methodology_drc_routed.rpx
Command: report_methodology -file Sensors_OLED_wrapper_methodology_drc_routed.rpt -pb Sensors_OLED_wrapper_methodology_drc_routed.pb -rpx Sensors_OLED_wrapper_methodology_drc_routed.rpx
INFO: [Timing 38-35] Done setting XDC timing constraints.
INFO: [DRC 23-133] Running Methodology with 2 threads
INFO: [Vivado_Tcl 2-1520] The results of Report Methodology are in file C:/Users/luisr/.Xilinx/VHDL_Projects/Graduate_Project/FPGA/Sensors_OLED/Sensors_OLED.runs/impl_1/Sensors_OLED_wrapper_methodology_drc_routed.rpt.
report_methodology completed successfully
INFO: [runtcl-4] Executing : report_power -file Sensors_OLED_wrapper_power_routed.rpt -pb Sensors_OLED_wrapper_power_summary_routed.pb -rpx Sensors_OLED_wrapper_power_routed.rpx
Command: report_power -file Sensors_OLED_wrapper_power_routed.rpt -pb Sensors_OLED_wrapper_power_summary_routed.pb -rpx Sensors_OLED_wrapper_power_routed.rpx
INFO: [Timing 38-35] Done setting XDC timing constraints.
Running Vector-less Activity Propagation...

Finished Running Vector-less Activity Propagation
112 Infos, 1 Warnings, 2 Critical Warnings and 0 Errors encountered.
report_power completed successfully
INFO: [runtcl-4] Executing : report_route_status -file Sensors_OLED_wrapper_route_status.rpt -pb Sensors_OLED_wrapper_route_status.pb
INFO: [runtcl-4] Executing : report_timing_summary -max_paths 10 -report_unconstrained -file Sensors_OLED_wrapper_timing_summary_routed.rpt -pb Sensors_OLED_wrapper_timing_summary_routed.pb -rpx Sensors_OLED_wrapper_timing_summary_routed.rpx -warn_on_violation 
INFO: [Timing 38-91] UpdateTimingParams: Speed grade: -1, Delay Type: min_max.
INFO: [Timing 38-191] Multithreading enabled for timing update using a maximum of 2 CPUs
INFO: [runtcl-4] Executing : report_incremental_reuse -file Sensors_OLED_wrapper_incremental_reuse_routed.rpt
INFO: [Vivado_Tcl 4-1062] Incremental flow is disabled. No incremental reuse Info to report.
INFO: [runtcl-4] Executing : report_clock_utilization -file Sensors_OLED_wrapper_clock_utilization_routed.rpt
INFO: [runtcl-4] Executing : report_bus_skew -warn_on_violation -file Sensors_OLED_wrapper_bus_skew_routed.rpt -pb Sensors_OLED_wrapper_bus_skew_routed.pb -rpx Sensors_OLED_wrapper_bus_skew_routed.rpx
INFO: [Timing 38-91] UpdateTimingParams: Speed grade: -1, Delay Type: min_max.
INFO: [Timing 38-191] Multithreading enabled for timing update using a maximum of 2 CPUs
INFO: [Memdata 28-167] Found XPM memory block Sensors_OLED_i/PmodTC1_0/inst/axi_quad_spi_0/U0/NO_DUAL_QUAD_MODE.QSPI_NORMAL/QSPI_LEGACY_MD_GEN.QSPI_CORE_INTERFACE_I/FIFO_EXISTS.TX_FIFO_II/xpm_fifo_instance.xpm_fifo_async_inst/gnuram_async_fifo.xpm_fifo_base_inst/gen_sdpram.xpm_memory_base_inst with a P_MEMORY_PRIMITIVE property set to auto. A value of block is required. You will not be able to use the updatemem program to update the bitstream with new data for the Sensors_OLED_i/PmodTC1_0/inst/axi_quad_spi_0/U0/NO_DUAL_QUAD_MODE.QSPI_NORMAL/QSPI_LEGACY_MD_GEN.QSPI_CORE_INTERFACE_I/FIFO_EXISTS.TX_FIFO_II/xpm_fifo_instance.xpm_fifo_async_inst/gnuram_async_fifo.xpm_fifo_base_inst/gen_sdpram.xpm_memory_base_inst block.
INFO: [Memdata 28-167] Found XPM memory block Sensors_OLED_i/PmodTC1_0/inst/axi_quad_spi_0/U0/NO_DUAL_QUAD_MODE.QSPI_NORMAL/QSPI_LEGACY_MD_GEN.QSPI_CORE_INTERFACE_I/FIFO_EXISTS.RX_FIFO_II/gnuram_async_fifo.xpm_fifo_base_inst/gen_sdpram.xpm_memory_base_inst with a P_MEMORY_PRIMITIVE property set to auto. A value of block is required. You will not be able to use the updatemem program to update the bitstream with new data for the Sensors_OLED_i/PmodTC1_0/inst/axi_quad_spi_0/U0/NO_DUAL_QUAD_MODE.QSPI_NORMAL/QSPI_LEGACY_MD_GEN.QSPI_CORE_INTERFACE_I/FIFO_EXISTS.RX_FIFO_II/gnuram_async_fifo.xpm_fifo_base_inst/gen_sdpram.xpm_memory_base_inst block.
INFO: [Memdata 28-167] Found XPM memory block Sensors_OLED_i/PmodOLED_0/inst/axi_quad_spi_0/U0/NO_DUAL_QUAD_MODE.QSPI_NORMAL/QSPI_LEGACY_MD_GEN.QSPI_CORE_INTERFACE_I/FIFO_EXISTS.TX_FIFO_II/xpm_fifo_instance.xpm_fifo_async_inst/gnuram_async_fifo.xpm_fifo_base_inst/gen_sdpram.xpm_memory_base_inst with a P_MEMORY_PRIMITIVE property set to auto. A value of block is required. You will not be able to use the updatemem program to update the bitstream with new data for the Sensors_OLED_i/PmodOLED_0/inst/axi_quad_spi_0/U0/NO_DUAL_QUAD_MODE.QSPI_NORMAL/QSPI_LEGACY_MD_GEN.QSPI_CORE_INTERFACE_I/FIFO_EXISTS.TX_FIFO_II/xpm_fifo_instance.xpm_fifo_async_inst/gnuram_async_fifo.xpm_fifo_base_inst/gen_sdpram.xpm_memory_base_inst block.
INFO: [Memdata 28-167] Found XPM memory block Sensors_OLED_i/PmodOLED_0/inst/axi_quad_spi_0/U0/NO_DUAL_QUAD_MODE.QSPI_NORMAL/QSPI_LEGACY_MD_GEN.QSPI_CORE_INTERFACE_I/FIFO_EXISTS.RX_FIFO_II/gnuram_async_fifo.xpm_fifo_base_inst/gen_sdpram.xpm_memory_base_inst with a P_MEMORY_PRIMITIVE property set to auto. A value of block is required. You will not be able to use the updatemem program to update the bitstream with new data for the Sensors_OLED_i/PmodOLED_0/inst/axi_quad_spi_0/U0/NO_DUAL_QUAD_MODE.QSPI_NORMAL/QSPI_LEGACY_MD_GEN.QSPI_CORE_INTERFACE_I/FIFO_EXISTS.RX_FIFO_II/gnuram_async_fifo.xpm_fifo_base_inst/gen_sdpram.xpm_memory_base_inst block.
Command: write_bitstream -force Sensors_OLED_wrapper.bit
Attempting to get a license for feature 'Implementation' and/or device 'xc7z020'
INFO: [Common 17-349] Got license for feature 'Implementation' and/or device 'xc7z020'
Running DRC as a precondition to command write_bitstream
INFO: [IP_Flow 19-1839] IP Catalog is up to date.
INFO: [DRC 23-27] Running DRC with 2 threads
WARNING: [DRC BUFC-1] Input Buffer Connections: Input buffer Pmod_out_0_pin10_iobuf/IBUF has no loads. It is recommended to have an input buffer drive an internal load.
WARNING: [DRC BUFC-1] Input Buffer Connections: Input buffer Pmod_out_0_pin1_iobuf/IBUF has no loads. It is recommended to have an input buffer drive an internal load.
WARNING: [DRC BUFC-1] Input Buffer Connections: Input buffer Pmod_out_0_pin2_iobuf/IBUF has no loads. It is recommended to have an input buffer drive an internal load.
WARNING: [DRC BUFC-1] Input Buffer Connections: Input buffer Pmod_out_0_pin7_iobuf/IBUF has no loads. It is recommended to have an input buffer drive an internal load.
WARNING: [DRC BUFC-1] Input Buffer Connections: Input buffer Pmod_out_0_pin8_iobuf/IBUF has no loads. It is recommended to have an input buffer drive an internal load.
WARNING: [DRC BUFC-1] Input Buffer Connections: Input buffer Pmod_out_0_pin9_iobuf/IBUF has no loads. It is recommended to have an input buffer drive an internal load.
WARNING: [DRC BUFC-1] Input Buffer Connections: Input buffer Pmod_out_1_pin1_iobuf/IBUF has no loads. It is recommended to have an input buffer drive an internal load.
WARNING: [DRC BUFC-1] Input Buffer Connections: Input buffer Pmod_out_1_pin4_iobuf/IBUF has no loads. It is recommended to have an input buffer drive an internal load.
INFO: [Vivado 12-3199] DRC finished with 0 Errors, 8 Warnings
INFO: [Vivado 12-3200] Please refer to the DRC report (report_drc) for more information.
INFO: [Designutils 20-2272] Running write_bitstream with 2 threads.
Loading data files...
Loading site data...
Loading route data...
Processing options...
Creating bitmap...
Creating bitstream...
Writing bitstream ./Sensors_OLED_wrapper.bit...
INFO: [Vivado 12-1842] Bitgen Completed Successfully.
INFO: [Project 1-1876] WebTalk data collection is mandatory when using a ULT device. To see the specific WebTalk data collected for your design, open the usage_statistics_webtalk.html or usage_statistics_webtalk.xml file in the implementation directory.
INFO: [Common 17-83] Releasing license: Implementation
16 Infos, 8 Warnings, 0 Critical Warnings and 0 Errors encountered.
write_bitstream completed successfully
write_bitstream: Time (s): cpu = 00:00:27 ; elapsed = 00:00:24 . Memory (MB): peak = 2796.898 ; gain = 452.383
INFO: [Common 17-206] Exiting Vivado at Fri Oct 21 17:11:59 2022...
